Build started 27/06/2014 01:28:31 PM.
     1>Project "C:\Users\Atul\Documents\gitHub\qcSimulator\qcSimulator\qcSimulator.vcxproj" on node 2 (Build target(s)).
     1>ClCompile:
         C:\Program Files (x86)\Microsoft Visual Studio 12.0\VC\bin\CL.exe /c /ZI /nologo /W3 /WX- /Od /Oy- /D WIN32 /D _DEBUG /D _CONSOLE /D _UNICODE /D UNICODE /Gm /EHsc /RTC1 /MDd /GS /fp:precise /Zc:wchar_t /Zc:forScope /Fo"Debug\\" /Fd"Debug\vc120.pdb" /Gd /TP /analyze- /errorReport:prompt qcSimulator.cpp
         qcSimulator.cpp
     1>c:\users\atul\documents\github\qcsimulator\qcsimulator\qcsimulator.cpp(195): warning C4244: 'initializing' : conversion from 'double' to 'float', possible loss of data
                 c:\users\atul\documents\github\qcsimulator\qcsimulator\qcsimulator.cpp(193) : while compiling class template member function 'QC<float>::QC(int)'
                 c:\users\atul\documents\github\qcsimulator\qcsimulator\qcsimulator.cpp(526) : see reference to function template instantiation 'QC<float>::QC(int)' being compiled
                 c:\users\atul\documents\github\qcsimulator\qcsimulator\qcsimulator.cpp(526) : see reference to class template instantiation 'QC<float>' being compiled
     1>c:\users\atul\documents\github\qcsimulator\qcsimulator\qcsimulator.cpp(325): warning C4554: '<<' : check operator precedence for possible error; use parentheses to clarify precedence
                 c:\users\atul\documents\github\qcsimulator\qcsimulator\qcsimulator.cpp(312) : while compiling class template member function 'std::vector<decimal,std::allocator<_Ty>> QC<decimal>::measure_qBits(std::vector<int,std::allocator<int>>)'
                 with
                 [
                     decimal=float
         ,            _Ty=float
                 ]
                 c:\users\atul\documents\github\qcsimulator\qcsimulator\qcsimulator.cpp(553) : see reference to function template instantiation 'std::vector<decimal,std::allocator<_Ty>> QC<decimal>::measure_qBits(std::vector<int,std::allocator<int>>)' being compiled
                 with
                 [
                     decimal=float
         ,            _Ty=float
                 ]
     1>c:\users\atul\documents\github\qcsimulator\qcsimulator\qcsimulator.cpp(340): warning C4554: '<<' : check operator precedence for possible error; use parentheses to clarify precedence
     1>c:\users\atul\documents\github\qcsimulator\qcsimulator\qcsimulator.cpp(409): warning C4554: '<<' : check operator precedence for possible error; use parentheses to clarify precedence
     1>c:\users\atul\documents\github\qcsimulator\qcsimulator\qcsimulator.cpp(512): warning C4018: '<' : signed/unsigned mismatch
                 c:\users\atul\documents\github\qcsimulator\qcsimulator\qcsimulator.cpp(507) : while compiling class template member function 'void QC<float>::cheatInitializeState(std::vector<std::complex<float>,std::allocator<_Ty>> &)'
                 with
                 [
                     _Ty=std::complex<float>
                 ]
                 c:\users\atul\documents\github\qcsimulator\qcsimulator\qcsimulator.cpp(534) : see reference to function template instantiation 'void QC<float>::cheatInitializeState(std::vector<std::complex<float>,std::allocator<_Ty>> &)' being compiled
                 with
                 [
                     _Ty=std::complex<float>
                 ]
       Link:
         C:\Program Files (x86)\Microsoft Visual Studio 12.0\VC\bin\link.exe /ERRORREPORT:PROMPT /OUT:"C:\Users\Atul\Documents\gitHub\qcSimulator\Debug\qcSimulator.exe" /INCREMENTAL /NOLOGO kernel32.lib user32.lib gdi32.lib winspool.lib comdlg32.lib advapi32.lib shell32.lib ole32.lib oleaut32.lib uuid.lib odbc32.lib odbccp32.lib /MANIFEST /MANIFESTUAC:"level='asInvoker' uiAccess='false'" /manifest:embed /DEBUG /PDB:"C:\Users\Atul\Documents\gitHub\qcSimulator\Debug\qcSimulator.pdb" /SUBSYSTEM:CONSOLE /TLBID:1 /DYNAMICBASE /NXCOMPAT /IMPLIB:"C:\Users\Atul\Documents\gitHub\qcSimulator\Debug\qcSimulator.lib" /MACHINE:X86 Debug\qcSimulator.obj
         qcSimulator.vcxproj -> C:\Users\Atul\Documents\gitHub\qcSimulator\Debug\qcSimulator.exe
     1>Done Building Project "C:\Users\Atul\Documents\gitHub\qcSimulator\qcSimulator\qcSimulator.vcxproj" (Build target(s)).

Build succeeded.

Time Elapsed 00:00:02.02
